apps/app/src-tauri/tauri-plugin-proot/android/build/intermediates/manifest_merge_blame_file/debug/processDebugManifest/manifest-merger-blame-debug-report.txt
1<?xml version="1.0" encoding="utf-8"?>
2<manifest xmlns:android="http://schemas.android.com/apk/res/android"
3    package="ai.ellul.plugins.proot" >
4
5    <uses-sdk android:minSdkVersion="24" />
6
7    <uses-permission android:name="android.permission.FOREGROUND_SERVICE" />
7-->src/main/AndroidManifest.xml:3:5-77
7-->src/main/AndroidManifest.xml:3:22-74
8    <uses-permission android:name="android.permission.FOREGROUND_SERVICE_SPECIAL_USE" />
8-->src/main/AndroidManifest.xml:4:5-89
8-->src/main/AndroidManifest.xml:4:22-86
9    <uses-permission android:name="android.permission.WAKE_LOCK" />
9-->src/main/AndroidManifest.xml:5:5-68
9-->src/main/AndroidManifest.xml:5:22-65
10    <uses-permission android:name="android.permission.REQUEST_IGNORE_BATTERY_OPTIMIZATIONS" />
10-->src/main/AndroidManifest.xml:6:5-95
10-->src/main/AndroidManifest.xml:6:22-92
11    <uses-permission android:name="android.permission.ACCESS_NETWORK_STATE" />
11-->src/main/AndroidManifest.xml:7:5-79
11-->src/main/AndroidManifest.xml:7:22-76
12
13    <application android:networkSecurityConfig="@xml/network_security_config" >
13-->src/main/AndroidManifest.xml:9:5-14:19
13-->src/main/AndroidManifest.xml:9:18-78
14        <service
14-->src/main/AndroidManifest.xml:10:9-13:40
15            android:name="ai.ellul.plugins.proot.ProotService"
15-->src/main/AndroidManifest.xml:11:13-63
16            android:exported="false"
16-->src/main/AndroidManifest.xml:13:13-37
17            android:foregroundServiceType="specialUse" />
17-->src/main/AndroidManifest.xml:12:13-55
18    </application>
19
20</manifest>